<?xml version="1.0" encoding="UTF-8"?>
<!-- Generated by org.testng.reporters.JUnitXMLReporter -->
<testsuite hostname="DESKTOP-MN8SR0A" name="Default test(failed)" tests="2" failures="2" timestamp="11 Feb 2019 00:32:30 GMT" time="56.414" errors="0">
  <testcase name="verifyHomePageTitleTest" time="0.14" classname="com.qa.tests.HomePageTest">
    <failure type="junit.framework.ComparisonFailure" message="CRMPRO - CRM software for customer relationship management, sales, and support. expected:&amp;lt;[CRMPRO :: 2.0]&amp;gt; but was:&amp;lt;[home page tiltle not maching]&amp;gt;">
      <![CDATA[junit.framework.ComparisonFailure: CRMPRO - CRM software for customer relationship management, sales, and support. expected:<[CRMPRO :: 2.0]> but was:<[home page tiltle not maching]>
	at junit.framework.Assert.assertEquals(Assert.java:85)
	at com.qa.tests.HomePageTest.verifyHomePageTitleTest(HomePageTest.java:39)
... Removed 24 stack frames]]>
    </failure>
  </testcase> <!-- verifyHomePageTitleTest -->
  <testcase name="verifyUserNameTest" time="22.309" classname="com.qa.tests.HomePageTest">
    <failure type="org.openqa.selenium.NoSuchFrameException" message="No frame element found by name or id mainpanel
Build info: version: &amp;apos;3.13.0&amp;apos;, revision: &amp;apos;2f0d292&amp;apos;, time: &amp;apos;2018-06-25T15:24:21.231Z&amp;apos;
System info: host: &amp;apos;DESKTOP-MN8SR0A&amp;apos;, ip: &amp;apos;192.168.50.239&amp;apos;, os.name: &amp;apos;Windows 10&amp;apos;, os.arch: &amp;apos;x86&amp;apos;, os.version: &amp;apos;10.0&amp;apos;, java.version: &amp;apos;1.8.0_111&amp;apos;
Driver info: driver.version: unknown">
      <![CDATA[org.openqa.selenium.NoSuchFrameException: No frame element found by name or id mainpanel
Build info: version: '3.13.0', revision: '2f0d292', time: '2018-06-25T15:24:21.231Z'
System info: host: 'DESKTOP-MN8SR0A', ip: '192.168.50.239', os.name: 'Windows 10', os.arch: 'x86', os.version: '10.0', java.version: '1.8.0_111'
Driver info: driver.version: unknown
	at org.openqa.selenium.remote.RemoteWebDriver$RemoteTargetLocator.frame(RemoteWebDriver.java:881)
	at com.qa.util.TestUtil.switchToFrame(TestUtil.java:17)
	at com.qa.pages.homepage.verifyCorrectUserName(homepage.java:76)
	at com.qa.tests.HomePageTest.verifyUserNameTest(HomePageTest.java:46)
... Removed 24 stack frames]]>
    </failure>
  </testcase> <!-- verifyUserNameTest -->
</testsuite> <!-- Default test(failed) -->
